<?xml version="1.0" encoding="UTF-8"?>
<testsuite name="AnimalTests" tests="4" skipped="0" failures="0" errors="0" timestamp="2020-03-07T15:57:00" hostname="DESKTOP-CHOBS2U" time="0.036">
  <properties/>
  <testcase name="TestDogEats()" classname="AnimalTests" time="0.025"/>
  <testcase name="TestCatSound()" classname="AnimalTests" time="0.002"/>
  <testcase name="TestDogSound()" classname="AnimalTests" time="0.001"/>
  <testcase name="TestCatEats()" classname="AnimalTests" time="0.002"/>
  <system-out><![CDATA[]]></system-out>
  <system-err><![CDATA[]]></system-err>
</testsuite>
